<?xml version="1.0" encoding="UTF-8"?>
<testng-results skipped="0" failed="1" ignored="0" total="7" passed="6">
  <reporter-output>
  </reporter-output>
  <suite name="Default suite" duration-ms="7608" started-at="2020-06-30T15:18:37Z" finished-at="2020-06-30T15:18:45Z">
    <groups>
    </groups>
    <test name="Default test" duration-ms="7608" started-at="2020-06-30T15:18:37Z" finished-at="2020-06-30T15:18:45Z">
      <class name="com.employeeapi.testcases.TC003_POST_Employee_Record">
        <test-method status="PASS" signature="setup()[pri:0, instance:com.employeeapi.testcases.TC003_POST_Employee_Record@5c3bd550]" name="setup" is-config="true" duration-ms="65" started-at="2020-06-30T15:18:37Z" finished-at="2020-06-30T15:18:38Z">
          <reporter-output>
          </reporter-output>
        </test-method> <!-- setup -->
        <test-method status="PASS" signature="getEmployeeData()[pri:0, instance:com.employeeapi.testcases.TC003_POST_Employee_Record@5c3bd550]" name="getEmployeeData" is-config="true" duration-ms="7499" started-at="2020-06-30T15:18:38Z" finished-at="2020-06-30T15:18:45Z">
          <reporter-output>
          </reporter-output>
        </test-method> <!-- getEmployeeData -->
        <test-method status="PASS" signature="checkContentLength()[pri:0, instance:com.employeeapi.testcases.TC003_POST_Employee_Record@5c3bd550]" name="checkContentLength" duration-ms="5" started-at="2020-06-30T15:18:45Z" finished-at="2020-06-30T15:18:45Z">
          <reporter-output>
          </reporter-output>
        </test-method> <!-- checkContentLength -->
        <test-method status="FAIL" signature="checkContentType()[pri:0, instance:com.employeeapi.testcases.TC003_POST_Employee_Record@5c3bd550]" name="checkContentType" duration-ms="2" started-at="2020-06-30T15:18:45Z" finished-at="2020-06-30T15:18:45Z">
          <exception class="java.lang.AssertionError">
            <message>
              <![CDATA[expected [text/html; charset=UTF-8] but found [application/json;charset=utf-8]]]>
            </message>
            <full-stacktrace>
              <![CDATA[java.lang.AssertionError: expected [text/html; charset=UTF-8] but found [application/json;charset=utf-8]
at org.testng.Assert.fail(Assert.java:96)
at org.testng.Assert.failNotEquals(Assert.java:776)
at org.testng.Assert.assertEqualsImpl(Assert.java:137)
at org.testng.Assert.assertEquals(Assert.java:118)
at org.testng.Assert.assertEquals(Assert.java:453)
at org.testng.Assert.assertEquals(Assert.java:463)
at com.employeeapi.testcases.TC003_POST_Employee_Record.checkContentType(TC003_POST_Employee_Record.java:96)
at sun.reflect.NativeMethodAccessorImpl.invoke0(Native Method)
at sun.reflect.NativeMethodAccessorImpl.invoke(NativeMethodAccessorImpl.java:62)
at sun.reflect.DelegatingMethodAccessorImpl.invoke(DelegatingMethodAccessorImpl.java:43)
at java.lang.reflect.Method.invoke(Method.java:498)
at org.testng.internal.MethodInvocationHelper.invokeMethod(MethodInvocationHelper.java:124)
at org.testng.internal.Invoker.invokeMethod(Invoker.java:583)
at org.testng.internal.Invoker.invokeTestMethod(Invoker.java:719)
at org.testng.internal.Invoker.invokeTestMethods(Invoker.java:989)
at org.testng.internal.TestMethodWorker.invokeTestMethods(TestMethodWorker.java:125)
at org.testng.internal.TestMethodWorker.run(TestMethodWorker.java:109)
at org.testng.TestRunner.privateRun(TestRunner.java:648)
at org.testng.TestRunner.run(TestRunner.java:505)
at org.testng.SuiteRunner.runTest(SuiteRunner.java:455)
at org.testng.SuiteRunner.runSequentially(SuiteRunner.java:450)
at org.testng.SuiteRunner.privateRun(SuiteRunner.java:415)
at org.testng.SuiteRunner.run(SuiteRunner.java:364)
at org.testng.SuiteRunnerWorker.runSuite(SuiteRunnerWorker.java:52)
at org.testng.SuiteRunnerWorker.run(SuiteRunnerWorker.java:84)
at org.testng.TestNG.runSuitesSequentially(TestNG.java:1208)
at org.testng.TestNG.runSuitesLocally(TestNG.java:1137)
at org.testng.TestNG.runSuites(TestNG.java:1049)
at org.testng.TestNG.run(TestNG.java:1017)
at org.testng.remote.AbstractRemoteTestNG.run(AbstractRemoteTestNG.java:114)
at org.testng.remote.RemoteTestNG.initAndRun(RemoteTestNG.java:251)
at org.testng.remote.RemoteTestNG.main(RemoteTestNG.java:77)
]]>
            </full-stacktrace>
          </exception> <!-- java.lang.AssertionError -->
          <reporter-output>
          </reporter-output>
        </test-method> <!-- checkContentType -->
        <test-method status="PASS" signature="checkResponseBody()[pri:0, instance:com.employeeapi.testcases.TC003_POST_Employee_Record@5c3bd550]" name="checkResponseBody" duration-ms="8" started-at="2020-06-30T15:18:45Z" finished-at="2020-06-30T15:18:45Z">
          <reporter-output>
          </reporter-output>
        </test-method> <!-- checkResponseBody -->
        <test-method status="PASS" signature="checkResponseTime()[pri:0, instance:com.employeeapi.testcases.TC003_POST_Employee_Record@5c3bd550]" name="checkResponseTime" duration-ms="1" started-at="2020-06-30T15:18:45Z" finished-at="2020-06-30T15:18:45Z">
          <reporter-output>
          </reporter-output>
        </test-method> <!-- checkResponseTime -->
        <test-method status="PASS" signature="checkServerType()[pri:0, instance:com.employeeapi.testcases.TC003_POST_Employee_Record@5c3bd550]" name="checkServerType" duration-ms="1" started-at="2020-06-30T15:18:45Z" finished-at="2020-06-30T15:18:45Z">
          <reporter-output>
          </reporter-output>
        </test-method> <!-- checkServerType -->
        <test-method status="PASS" signature="checkStatusCode()[pri:0, instance:com.employeeapi.testcases.TC003_POST_Employee_Record@5c3bd550]" name="checkStatusCode" duration-ms="1" started-at="2020-06-30T15:18:45Z" finished-at="2020-06-30T15:18:45Z">
          <reporter-output>
          </reporter-output>
        </test-method> <!-- checkStatusCode -->
        <test-method status="PASS" signature="checkStatusLine()[pri:0, instance:com.employeeapi.testcases.TC003_POST_Employee_Record@5c3bd550]" name="checkStatusLine" duration-ms="2" started-at="2020-06-30T15:18:45Z" finished-at="2020-06-30T15:18:45Z">
          <reporter-output>
          </reporter-output>
        </test-method> <!-- checkStatusLine -->
        <test-method status="PASS" signature="tearDown()[pri:0, instance:com.employeeapi.testcases.TC003_POST_Employee_Record@5c3bd550]" name="tearDown" is-config="true" duration-ms="1" started-at="2020-06-30T15:18:45Z" finished-at="2020-06-30T15:18:45Z">
          <reporter-output>
          </reporter-output>
        </test-method> <!-- tearDown -->
      </class> <!-- com.employeeapi.testcases.TC003_POST_Employee_Record -->
    </test> <!-- Default test -->
  </suite> <!-- Default suite -->
</testng-results>
